<?xml version="1.0" encoding="UTF-8"?>
<!-- Generated by org.testng.reporters.JUnitReportReporter -->
<testsuite hostname="LAPTOP-999Q0O7K" failures="0" tests="1" name="com.utility.CSVReaderUtility" time="0.034" errors="0" timestamp="2024-12-01T13:50:31 IST" skipped="0">
  <testcase classname="com.utility.CSVReaderUtility" name="Test" time="0.034"/>
</testsuite> <!-- com.utility.CSVReaderUtility -->
