<?xml version="1.0" encoding="UTF-8"?>
<!-- Generated by org.testng.reporters.JUnitReportReporter -->
<testsuite hostname="LAPTOP-999Q0O7K" failures="0" tests="1" name="com.utility.JSONUtility" time="0.083" errors="0" timestamp="2024-11-30T15:13:53 IST" skipped="0">
  <testcase classname="com.utility.JSONUtility" name="main" time="0.083"/>
</testsuite> <!-- com.utility.JSONUtility -->
